{
  "stats": {
    "suites": 1,
    "tests": 2,
    "passes": 0,
    "pending": 1,
    "failures": 1,
    "start": "2020-07-11T18:06:51.047Z",
    "end": "2020-07-11T18:07:10.816Z",
    "duration": 19769,
    "testsRegistered": 2,
    "passPercent": 0,
    "pendingPercent": 50,
    "other": 0,
    "hasOther": false,
    "skipped": 0,
    "hasSkipped": false
  },
  "results": [
    {
      "uuid": "7ce8d462-3c79-47f2-80ee-e3b0d8463a7b",
      "title": "",
      "fullFile": "cypress/integration/firstTest.spec.js",
      "file": "cypress/integration/firstTest.spec.js",
      "beforeHooks": [],
      "afterHooks": [],
      "tests": [],
      "suites": [
        {
          "uuid": "fe0e466e-75c4-48db-8c9a-a630a879efa3",
          "title": "Our first Suite",
          "fullFile": "",
          "file": "",
          "beforeHooks": [],
          "afterHooks": [],
          "tests": [
            {
              "title": "first test",
              "fullTitle": "Our first Suite first test",
              "timedOut": null,
              "duration": 0,
              "state": "pending",
              "speed": null,
              "pass": false,
              "fail": false,
              "pending": true,
              "context": null,
              "code": "",
              "err": {},
              "uuid": "ca29bb37-25fb-4362-80c3-d58a0c09d0f3",
              "parentUUID": "fe0e466e-75c4-48db-8c9a-a630a879efa3",
              "isHook": false,
              "skipped": false
            },
            {
              "title": "second test",
              "fullTitle": "Our first Suite second test",
              "timedOut": null,
              "duration": 6752,
              "state": "failed",
              "speed": null,
              "pass": false,
              "fail": true,
              "pending": false,
              "context": null,
              "code": "cy.visit('/'); //cy.get('.nav > .nav__button-secondary')\ncy.contains('Sign in').should('exist').click();\nvar user = process.env.username;\ncy.get('#username').type(\"test\");\ncy.get('#password').type(\"test\");\ncy.get('.btn__primary--large').should('contain', 'Sign in').click().should('not.exist');",
              "err": {
                "message": "AssertionError: Timed out retrying: Expected <button.btn__primary--large.from__button--floating> not to exist in the DOM, but it was continuously found.",
                "estack": "AssertionError: Timed out retrying: Expected <button.btn__primary--large.from__button--floating> not to exist in the DOM, but it was continuously found.\n    at Context.eval (https://www.linkedin.com/__cypress/tests?p=cypress/integration/firstTest.spec.js:22:73)",
                "diff": null
              },
              "uuid": "68132665-4727-45e2-9944-095769b43929",
              "parentUUID": "fe0e466e-75c4-48db-8c9a-a630a879efa3",
              "isHook": false,
              "skipped": false
            }
          ],
          "suites": [],
          "passes": [],
          "failures": [
            "68132665-4727-45e2-9944-095769b43929"
          ],
          "pending": [
            "ca29bb37-25fb-4362-80c3-d58a0c09d0f3"
          ],
          "skipped": [],
          "duration": 6752,
          "root": false,
          "rootEmpty": false,
          "_timeout": 2000
        }
      ],
      "passes": [],
      "failures": [],
      "pending": [],
      "skipped": [],
      "duration": 0,
      "root": true,
      "rootEmpty": true,
      "_timeout": 2000
    }
  ],
  "meta": {
    "mocha": {
      "version": "7.0.1"
    },
    "mochawesome": {
      "options": {
        "quiet": false,
        "reportFilename": "mochawesome",
        "saveHtml": false,
        "saveJson": true,
        "consoleReporter": "spec",
        "useInlineDiffs": false,
        "code": true
      },
      "version": "6.1.1"
    },
    "marge": {
      "options": {
        "id": "default",
        "reportDir": "cypress/results/mochawesome",
        "overwrite": false,
        "html": false,
        "json": true
      },
      "version": "5.1.0"
    }
  }
}