{
  "stats": {
    "suites": 1,
    "tests": 1,
    "passes": 0,
    "pending": 0,
    "failures": 1,
    "start": "2020-07-23T21:52:05.135Z",
    "end": "2020-07-23T21:52:09.360Z",
    "duration": 4225,
    "testsRegistered": 1,
    "passPercent": 0,
    "pendingPercent": 0,
    "other": 0,
    "hasOther": false,
    "skipped": 0,
    "hasSkipped": false
  },
  "results": [
    {
      "uuid": "301afda8-de47-456e-8cf3-300f6333eac2",
      "title": "",
      "fullFile": "cypress/integration/testusingPOM.js",
      "file": "cypress/integration/testusingPOM.js",
      "beforeHooks": [],
      "afterHooks": [],
      "tests": [],
      "suites": [
        {
          "uuid": "461ec389-2899-4ecc-9cb8-44c79228ba25",
          "title": "Test with Page Object Model",
          "fullFile": "",
          "file": "",
          "beforeHooks": [],
          "afterHooks": [],
          "tests": [
            {
              "title": "Login to linkedin",
              "fullTitle": "Test with Page Object Model Login to linkedin",
              "timedOut": null,
              "duration": 4042,
              "state": "failed",
              "speed": null,
              "pass": false,
              "fail": true,
              "pending": false,
              "context": null,
              "code": "_loginLinkedinPage[\"default\"].loginForm(Cypress.env('username'), Cypress.env('password'));",
              "err": {
                "message": "InvalidStateError: XMLHttpRequest has an invalid context.",
                "estack": "InvalidStateError: XMLHttpRequest has an invalid context.\n_getCDNData@https://static-exp1.licdn.com/sc/h/a8qbwp95qwmm9qc9s66hsaya5:1:8807\ncollectData@https://static-exp1.licdn.com/sc/h/a8qbwp95qwmm9qc9s66hsaya5:1:8011\n_collectPlugin/<@https://static-exp1.licdn.com/sc/h/a8qbwp95qwmm9qc9s66hsaya5:1:16057\n_collectPlugin@https://static-exp1.licdn.com/sc/h/a8qbwp95qwmm9qc9s66hsaya5:1:16038\n_collectPluginData@https://static-exp1.licdn.com/sc/h/a8qbwp95qwmm9qc9s66hsaya5:1:15912\n_/this._onLoad/<@https://static-exp1.licdn.com/sc/h/a8qbwp95qwmm9qc9s66hsaya5:1:12848\ninvoke@https://www.linkedin.com/__cypress/runner/cypress_runner.js:163239:23\nflushTimerQueue/<@https://www.linkedin.com/__cypress/runner/cypress_runner.js:163262:13\narrayEach@https://www.linkedin.com/__cypress/runner/cypress_runner.js:25567:19\nforEach@https://www.linkedin.com/__cypress/runner/cypress_runner.js:34393:14\nflushTimerQueue@https://www.linkedin.com/__cypress/runner/cypress_runner.js:163248:7\npauseTimers@https://www.linkedin.com/__cypress/runner/cypress_runner.js:163272:7\nafter@https://www.linkedin.com/__cypress/runner/cypress_runner.js:157947:17\nfinallyHandler@https://www.linkedin.com/__cypress/runner/cypress_runner.js:6715:23\ntryCatcher@https://www.linkedin.com/__cypress/runner/cypress_runner.js:10161:23\n../../node_modules/bluebird/js/release/promise.js/</module.exports/Promise.prototype._settlePromiseFromHandler@https://www.linkedin.com/__cypress/runner/cypress_runner.js:8096:31\n../../node_modules/bluebird/js/release/promise.js/</module.exports/Promise.prototype._settlePromise@https://www.linkedin.com/__cypress/runner/cypress_runner.js:8153:18\n../../node_modules/bluebird/js/release/promise.js/</module.exports/Promise.prototype._settlePromise0@https://www.linkedin.com/__cypress/runner/cypress_runner.js:8198:10\n../../node_modules/bluebird/js/release/promise.js/</module.exports/Promise.prototype._settlePromises@https://www.linkedin.com/__cypress/runner/cypress_runner.js:8278:18\n_drainQueueStep@https://www.linkedin.com/__cypress/runner/cypress_runner.js:4868:12\n_drainQueue@https://www.linkedin.com/__cypress/runner/cypress_runner.js:4861:24\n../../node_modules/bluebird/js/release/async.js/</Async.prototype._drainQueues@https://www.linkedin.com/__cypress/runner/cypress_runner.js:4877:16\nAsync/this.drainQueues@https://www.linkedin.com/__cypress/runner/cypress_runner.js:4747:14\n",
                "diff": null
              },
              "uuid": "44dd9793-7bf9-4bd6-9dfb-0943e31bcbea",
              "parentUUID": "461ec389-2899-4ecc-9cb8-44c79228ba25",
              "isHook": false,
              "skipped": false
            }
          ],
          "suites": [],
          "passes": [],
          "failures": [
            "44dd9793-7bf9-4bd6-9dfb-0943e31bcbea"
          ],
          "pending": [],
          "skipped": [],
          "duration": 4042,
          "root": false,
          "rootEmpty": false,
          "_timeout": 2000
        }
      ],
      "passes": [],
      "failures": [],
      "pending": [],
      "skipped": [],
      "duration": 0,
      "root": true,
      "rootEmpty": true,
      "_timeout": 2000
    }
  ],
  "meta": {
    "mocha": {
      "version": "7.0.1"
    },
    "mochawesome": {
      "options": {
        "quiet": false,
        "reportFilename": "mochawesome",
        "saveHtml": false,
        "saveJson": true,
        "consoleReporter": "spec",
        "useInlineDiffs": false,
        "code": true
      },
      "version": "6.1.1"
    },
    "marge": {
      "options": {
        "id": "default",
        "reportDir": "cypress/results/mochawesome",
        "overwrite": false,
        "html": false,
        "json": true
      },
      "version": "5.1.0"
    }
  }
}