{
  "stats": {
    "suites": 1,
    "tests": 1,
    "passes": 1,
    "pending": 0,
    "failures": 0,
    "start": "2020-07-11T17:54:09.423Z",
    "end": "2020-07-11T17:54:09.483Z",
    "duration": 60,
    "testsRegistered": 1,
    "passPercent": 100,
    "pendingPercent": 0,
    "other": 0,
    "hasOther": false,
    "skipped": 0,
    "hasSkipped": false
  },
  "results": [
    {
      "uuid": "f5eecb13-c5d9-4371-84eb-72e8bf997380",
      "title": "",
      "fullFile": "cypress/integration/jsonObject.spec.js",
      "file": "cypress/integration/jsonObject.spec.js",
      "beforeHooks": [],
      "afterHooks": [],
      "tests": [],
      "suites": [
        {
          "uuid": "a1eae224-0d80-4fab-a1ce-1eb4dffb5d37",
          "title": "JSON objects",
          "fullFile": "",
          "file": "",
          "beforeHooks": [],
          "afterHooks": [],
          "tests": [
            {
              "title": "JSON objects",
              "fullTitle": "JSON objects JSON objects",
              "timedOut": null,
              "duration": 36,
              "state": "passed",
              "speed": "fast",
              "pass": true,
              "fail": false,
              "pending": false,
              "context": null,
              "code": "var simpeObject = {\n  \"key\": \"value\",\n  \"key2\": \"value2\"\n};\nvar simpleArrayOfValues = [\"one\", \"two\", \"three\"];\nvar arrayOfObjects = [{\n  \"key\": \"value\"\n}, {\n  \"key2\": \"value2\"\n}, {\n  \"key3\": \"value3\"\n}];\nvar mix = {\n  \"FirstName\": \"Artem\",\n  \"LastName\": \"Bondar\",\n  \"Age\": 35,\n  \"Students\": [{\n    \"firstName\": \"Sara\",\n    \"lastName\": \"Conor\"\n  }, {\n    \"firstName\": \"Bruce\",\n    \"lastName\": \"Willis\"\n  }]\n};\nconsole.log(simpeObject.key2);\nconsole.log(simpeObject[\"key2\"]);\nconsole.log(simpleArrayOfValues[1]);\nconsole.log(arrayOfObjects[2].key3);\nconsole.log(mix.Students[1].firstName);",
              "err": {},
              "uuid": "e1cc8b50-6f0c-458f-b98d-d12c591d3b7c",
              "parentUUID": "a1eae224-0d80-4fab-a1ce-1eb4dffb5d37",
              "isHook": false,
              "skipped": false
            }
          ],
          "suites": [],
          "passes": [
            "e1cc8b50-6f0c-458f-b98d-d12c591d3b7c"
          ],
          "failures": [],
          "pending": [],
          "skipped": [],
          "duration": 36,
          "root": false,
          "rootEmpty": false,
          "_timeout": 2000
        }
      ],
      "passes": [],
      "failures": [],
      "pending": [],
      "skipped": [],
      "duration": 0,
      "root": true,
      "rootEmpty": true,
      "_timeout": 2000
    }
  ],
  "meta": {
    "mocha": {
      "version": "7.0.1"
    },
    "mochawesome": {
      "options": {
        "quiet": false,
        "reportFilename": "mochawesome",
        "saveHtml": false,
        "saveJson": true,
        "consoleReporter": "spec",
        "useInlineDiffs": false,
        "code": true
      },
      "version": "6.1.1"
    },
    "marge": {
      "options": {
        "id": "default",
        "reportDir": "cypress/results/mochawesome",
        "overwrite": false,
        "html": false,
        "json": true
      },
      "version": "5.1.0"
    }
  }
}