{
  "stats": {
    "suites": 1,
    "tests": 1,
    "passes": 1,
    "pending": 0,
    "failures": 0,
    "start": "2020-07-23T21:45:18.833Z",
    "end": "2020-07-23T21:45:39.100Z",
    "duration": 20267,
    "testsRegistered": 1,
    "passPercent": 100,
    "pendingPercent": 0,
    "other": 0,
    "hasOther": false,
    "skipped": 0,
    "hasSkipped": false
  },
  "results": [
    {
      "uuid": "6efdf40b-2627-42e7-8ecc-63f367d0496a",
      "title": "",
      "fullFile": "cypress/integration/testusingPOM.js",
      "file": "cypress/integration/testusingPOM.js",
      "beforeHooks": [],
      "afterHooks": [],
      "tests": [],
      "suites": [
        {
          "uuid": "1abf41ae-5dcc-46e1-a9db-178fcaa9c855",
          "title": "Test with Page Object Model",
          "fullFile": "",
          "file": "",
          "beforeHooks": [],
          "afterHooks": [],
          "tests": [
            {
              "title": "Login to linkedin",
              "fullTitle": "Test with Page Object Model Login to linkedin",
              "timedOut": null,
              "duration": 19643,
              "state": "passed",
              "speed": "slow",
              "pass": true,
              "fail": false,
              "pending": false,
              "context": null,
              "code": "_loginLinkedinPage[\"default\"].loginForm(Cypress.env('username'), Cypress.env('password'));",
              "err": {},
              "uuid": "c09bf2b9-aef3-44e5-90ef-f36a81200ea2",
              "parentUUID": "1abf41ae-5dcc-46e1-a9db-178fcaa9c855",
              "isHook": false,
              "skipped": false
            }
          ],
          "suites": [],
          "passes": [
            "c09bf2b9-aef3-44e5-90ef-f36a81200ea2"
          ],
          "failures": [],
          "pending": [],
          "skipped": [],
          "duration": 19643,
          "root": false,
          "rootEmpty": false,
          "_timeout": 2000
        }
      ],
      "passes": [],
      "failures": [],
      "pending": [],
      "skipped": [],
      "duration": 0,
      "root": true,
      "rootEmpty": true,
      "_timeout": 2000
    }
  ],
  "meta": {
    "mocha": {
      "version": "7.0.1"
    },
    "mochawesome": {
      "options": {
        "quiet": false,
        "reportFilename": "mochawesome",
        "saveHtml": false,
        "saveJson": true,
        "consoleReporter": "spec",
        "useInlineDiffs": false,
        "code": true
      },
      "version": "6.1.1"
    },
    "marge": {
      "options": {
        "id": "default",
        "reportDir": "cypress/results/mochawesome",
        "overwrite": false,
        "html": false,
        "json": true
      },
      "version": "5.1.0"
    }
  }
}