{
  "stats": {
    "suites": 1,
    "tests": 1,
    "passes": 1,
    "pending": 0,
    "failures": 0,
    "start": "2020-07-11T18:25:01.670Z",
    "end": "2020-07-11T18:25:12.347Z",
    "duration": 10677,
    "testsRegistered": 1,
    "passPercent": 100,
    "pendingPercent": 0,
    "other": 0,
    "hasOther": false,
    "skipped": 0,
    "hasSkipped": false
  },
  "results": [
    {
      "uuid": "6099046f-1e09-4662-b110-6db24ff54cd6",
      "title": "",
      "fullFile": "cypress/integration/testusingPOM.js",
      "file": "cypress/integration/testusingPOM.js",
      "beforeHooks": [],
      "afterHooks": [],
      "tests": [],
      "suites": [
        {
          "uuid": "fc4f1e0a-bd04-4854-a29a-7f3fd83756f2",
          "title": "Test with Page Object Model",
          "fullFile": "",
          "file": "",
          "beforeHooks": [],
          "afterHooks": [],
          "tests": [
            {
              "title": "Login to linkedin",
              "fullTitle": "Test with Page Object Model Login to linkedin",
              "timedOut": null,
              "duration": 10488,
              "state": "passed",
              "speed": "slow",
              "pass": true,
              "fail": false,
              "pending": false,
              "context": null,
              "code": "_loginLinkedinPage[\"default\"].loginForm(Cypress.env('username'), Cypress.env('password'));",
              "err": {},
              "uuid": "54c53bb9-efc2-4d04-b2a8-d64a2fe78658",
              "parentUUID": "fc4f1e0a-bd04-4854-a29a-7f3fd83756f2",
              "isHook": false,
              "skipped": false
            }
          ],
          "suites": [],
          "passes": [
            "54c53bb9-efc2-4d04-b2a8-d64a2fe78658"
          ],
          "failures": [],
          "pending": [],
          "skipped": [],
          "duration": 10488,
          "root": false,
          "rootEmpty": false,
          "_timeout": 2000
        }
      ],
      "passes": [],
      "failures": [],
      "pending": [],
      "skipped": [],
      "duration": 0,
      "root": true,
      "rootEmpty": true,
      "_timeout": 2000
    }
  ],
  "meta": {
    "mocha": {
      "version": "7.0.1"
    },
    "mochawesome": {
      "options": {
        "quiet": false,
        "reportFilename": "mochawesome",
        "saveHtml": false,
        "saveJson": true,
        "consoleReporter": "spec",
        "useInlineDiffs": false,
        "code": true
      },
      "version": "6.1.1"
    },
    "marge": {
      "options": {
        "id": "default",
        "reportDir": "cypress/results/mochawesome",
        "overwrite": false,
        "html": false,
        "json": true
      },
      "version": "5.1.0"
    }
  }
}