{
  "stats": {
    "suites": 1,
    "tests": 1,
    "passes": 1,
    "pending": 0,
    "failures": 0,
    "start": "2020-07-23T21:39:22.437Z",
    "end": "2020-07-23T21:39:32.042Z",
    "duration": 9605,
    "testsRegistered": 1,
    "passPercent": 100,
    "pendingPercent": 0,
    "other": 0,
    "hasOther": false,
    "skipped": 0,
    "hasSkipped": false
  },
  "results": [
    {
      "uuid": "f62207aa-efec-4750-a0c9-443ffc7fa58d",
      "title": "",
      "fullFile": "cypress/integration/testusingPOM.js",
      "file": "cypress/integration/testusingPOM.js",
      "beforeHooks": [],
      "afterHooks": [],
      "tests": [],
      "suites": [
        {
          "uuid": "28a2459d-aa7d-4370-b66c-02173987b679",
          "title": "Test with Page Object Model",
          "fullFile": "",
          "file": "",
          "beforeHooks": [],
          "afterHooks": [],
          "tests": [
            {
              "title": "Login to linkedin",
              "fullTitle": "Test with Page Object Model Login to linkedin",
              "timedOut": null,
              "duration": 9518,
              "state": "passed",
              "speed": "slow",
              "pass": true,
              "fail": false,
              "pending": false,
              "context": null,
              "code": "_loginLinkedinPage[\"default\"].loginForm(Cypress.env('username'), Cypress.env('password'));",
              "err": {},
              "uuid": "8ac078af-79ab-4211-b2f3-2c88f3d67666",
              "parentUUID": "28a2459d-aa7d-4370-b66c-02173987b679",
              "isHook": false,
              "skipped": false
            }
          ],
          "suites": [],
          "passes": [
            "8ac078af-79ab-4211-b2f3-2c88f3d67666"
          ],
          "failures": [],
          "pending": [],
          "skipped": [],
          "duration": 9518,
          "root": false,
          "rootEmpty": false,
          "_timeout": 2000
        }
      ],
      "passes": [],
      "failures": [],
      "pending": [],
      "skipped": [],
      "duration": 0,
      "root": true,
      "rootEmpty": true,
      "_timeout": 2000
    }
  ],
  "meta": {
    "mocha": {
      "version": "7.0.1"
    },
    "mochawesome": {
      "options": {
        "quiet": false,
        "reportFilename": "mochawesome",
        "saveHtml": false,
        "saveJson": true,
        "consoleReporter": "spec",
        "useInlineDiffs": false,
        "code": true
      },
      "version": "6.1.1"
    },
    "marge": {
      "options": {
        "id": "default",
        "reportDir": "cypress/results/mochawesome",
        "overwrite": false,
        "html": false,
        "json": true
      },
      "version": "5.1.0"
    }
  }
}