<?xml version="1.0" encoding="UTF-8"?>
<testsuites name="Mocha Tests" time="0.0360" tests="1" failures="0">
  <testsuite name="Root Suite" timestamp="2020-07-11T17:54:09" tests="0" file="cypress/integration/jsonObject.spec.js" time="0.0000" failures="0">
  </testsuite>
  <testsuite name="JSON objects" timestamp="2020-07-11T17:54:09" tests="1" time="0.0360" failures="0">
    <testcase name="JSON objects JSON objects" time="0.0360" classname="JSON objects">
    </testcase>
  </testsuite>
</testsuites>